<?xml version="1.0" encoding="UTF-8"?>
<!-- Generated by org.testng.reporters.JUnitReportReporter -->
<testsuite hostname="DESKTOP-3CCKGNL" failures="0" tests="1" name="tests.TestPlaySong" time="1.314" errors="0" timestamp="31 maj 2021 20:51:00 GMT" skipped="0">
  <testcase classname="tests.TestPlaySong" name="testPlay" time="1.314"/>
</testsuite> <!-- tests.TestPlaySong -->
